[29-Dec-2017 13:31:15 UTC] PHP Fatal error:  Uncaught Core\Dispatcher\DispatcherError: No landing pages or offers in stream #1 in /home/bus4you/bus4you.com.ua/www/web/keitaro/application/Component/Traffic/ExecuteStreamSchema.php:0
Stack trace:
#0 /home/bus4you/bus4you.com.ua/www/web/keitaro/application/Component/Traffic/ExecuteStreamSchema.php(0): Component\Traffic\ExecuteStreamSchema->_executeLandings()
#1 /home/bus4you/bus4you.com.ua/www/web/keitaro/application/Component/Traffic/RequestProcessing/ProcessStream.php(0): Component\Traffic\ExecuteStreamSchema->execute()
#2 /home/bus4you/bus4you.com.ua/www/web/keitaro/application/Component/Traffic/RequestProcessing/ProcessStream.php(0): Component\Traffic\RequestProcessing\ProcessStream->_executeStreamSchema(Object(Component\Clicks\Model\RawClick), Object(Component\Campaigns\Model\Campaign), Object(Component\Streams\Model\RegularStream), true)
#3 /home/bus4you/bus4you.com.ua/www/web/keitaro/application/Component/Traffic/ProcessRequest.php(0): Component\Traffic\RequestProcessing\ProcessStream->process(Object in /home/bus4you/bus4you.com.ua/www/web/keitaro/application/Component/Traffic/ExecuteStreamSchema.php on line 0
[29-Dec-2017 13:31:35 UTC] PHP Fatal error:  Uncaught Core\Dispatcher\DispatcherError: No landing pages or offers in stream #1 in /home/bus4you/bus4you.com.ua/www/web/keitaro/application/Component/Traffic/ExecuteStreamSchema.php:0
Stack trace:
#0 /home/bus4you/bus4you.com.ua/www/web/keitaro/application/Component/Traffic/ExecuteStreamSchema.php(0): Component\Traffic\ExecuteStreamSchema->_executeLandings()
#1 /home/bus4you/bus4you.com.ua/www/web/keitaro/application/Component/Traffic/RequestProcessing/ProcessStream.php(0): Component\Traffic\ExecuteStreamSchema->execute()
#2 /home/bus4you/bus4you.com.ua/www/web/keitaro/application/Component/Traffic/RequestProcessing/ProcessStream.php(0): Component\Traffic\RequestProcessing\ProcessStream->_executeStreamSchema(Object(Component\Clicks\Model\RawClick), Object(Component\Campaigns\Model\Campaign), Object(Component\Streams\Model\RegularStream), true)
#3 /home/bus4you/bus4you.com.ua/www/web/keitaro/application/Component/Traffic/ProcessRequest.php(0): Component\Traffic\RequestProcessing\ProcessStream->process(Object in /home/bus4you/bus4you.com.ua/www/web/keitaro/application/Component/Traffic/ExecuteStreamSchema.php on line 0
[18-Feb-2018 07:40:02 UTC] PHP Fatal error:  Uncaught Error: Call to a member function prepare() on boolean in /home/bus4you/bus4you.com.ua/www/web/keitaro/vendor/adodb/adodb-php/drivers/adodb-pdo.inc.php:452
Stack trace:
#0 /home/bus4you/bus4you.com.ua/www/web/keitaro/vendor/adodb/adodb-php/adodb.inc.php(1268): ADODB_pdo->_query('SELECT 1 FROM k...', false)
#1 /home/bus4you/bus4you.com.ua/www/web/keitaro/vendor/adodb/adodb-php/adodb.inc.php(1246): ADOConnection->_Execute('SELECT 1 FROM k...', false)
#2 /home/bus4you/bus4you.com.ua/www/web/keitaro/vendor/adodb/adodb-php/adodb.inc.php(1706): ADOConnection->Execute('SELECT 1 FROM k...', false)
#3 /home/bus4you/bus4you.com.ua/www/web/keitaro/application/Core/Db/Db.php(0): ADOConnection->GetOne('SELECT 1 FROM k...')
#4 /home/bus4you/bus4you.com.ua/www/web/keitaro/application/Core/Db/Db.php(0): Core\Db\Db->_wrapQuery('getOne', Array)
#5 /home/bus4you/bus4you.com.ua/www/web/keitaro/application/Core/Model/AbstractModel.php(0): Core\Db\Db->getOne('SELECT 1 FROM k...')
#6 /home/bus4you/bus4you.com.ua/www/web/kei in /home/bus4you/bus4you.com.ua/www/web/keitaro/vendor/adodb/adodb-php/drivers/adodb-pdo.inc.php on line 452
[19-Feb-2018 21:52:42 UTC] PHP Fatal error:  Uncaught Core\Exceptions\LicenseError: <p>Error occurred while requesting the license. How to fix that:</p>
            <ul>
                <li>Check firewall settings</li>
                <li>Check DNS server status that uses in /etc/resolve.conf</li>
            </ul>
         in /home/bus4you/bus4you.com.ua/www/web/keitaro/application/Core/Security/OwnerService.php:0
Stack trace:
#0 /home/bus4you/bus4you.com.ua/www/web/keitaro/application/Core/Security/OwnerService.php(0): Core\Security\OwnerService->requestToken(Array)
#1 /home/bus4you/bus4you.com.ua/www/web/keitaro/application/Core/Security/OwnerService.php(0): Core\Security\OwnerService->_getToken()
#2 /home/bus4you/bus4you.com.ua/www/web/keitaro/application/Core/Security/OwnerService.php(0): Core\Security\OwnerService->getKeitaroEdition()
#3 /home/bus4you/bus4you.com.ua/www/web/keitaro/application/layouts/shared/_head.phtml(6): Core\Security\OwnerService->hasBusinessEdition()
#4 /home/bus4you/bus4you.com.ua/www/web/keitaro/application/layouts/critical in /home/bus4you/bus4you.com.ua/www/web/keitaro/application/Core/Security/OwnerService.php on line 0
[19-Feb-2018 21:55:41 UTC] PHP Fatal error:  Uncaught Core\Exceptions\LicenseError: <p>Error occurred while requesting the license. How to fix that:</p>
            <ul>
                <li>Check firewall settings</li>
                <li>Check DNS server status that uses in /etc/resolve.conf</li>
            </ul>
         in /home/bus4you/bus4you.com.ua/www/web/keitaro/application/Core/Security/OwnerService.php:0
Stack trace:
#0 /home/bus4you/bus4you.com.ua/www/web/keitaro/application/Core/Security/OwnerService.php(0): Core\Security\OwnerService->requestToken(Array)
#1 /home/bus4you/bus4you.com.ua/www/web/keitaro/application/Core/Security/OwnerService.php(0): Core\Security\OwnerService->_getToken()
#2 /home/bus4you/bus4you.com.ua/www/web/keitaro/application/Core/Security/OwnerService.php(0): Core\Security\OwnerService->getKeitaroEdition()
#3 /home/bus4you/bus4you.com.ua/www/web/keitaro/application/layouts/shared/_head.phtml(6): Core\Security\OwnerService->hasBusinessEdition()
#4 /home/bus4you/bus4you.com.ua/www/web/keitaro/application/layouts/critical in /home/bus4you/bus4you.com.ua/www/web/keitaro/application/Core/Security/OwnerService.php on line 0
[19-Feb-2018 21:58:42 UTC] PHP Fatal error:  Uncaught Core\Exceptions\LicenseError: <p>Error occurred while requesting the license. How to fix that:</p>
            <ul>
                <li>Check firewall settings</li>
                <li>Check DNS server status that uses in /etc/resolve.conf</li>
            </ul>
         in /home/bus4you/bus4you.com.ua/www/web/keitaro/application/Core/Security/OwnerService.php:0
Stack trace:
#0 /home/bus4you/bus4you.com.ua/www/web/keitaro/application/Core/Security/OwnerService.php(0): Core\Security\OwnerService->requestToken(Array)
#1 /home/bus4you/bus4you.com.ua/www/web/keitaro/application/Core/Security/OwnerService.php(0): Core\Security\OwnerService->_getToken()
#2 /home/bus4you/bus4you.com.ua/www/web/keitaro/application/Core/Security/OwnerService.php(0): Core\Security\OwnerService->getKeitaroEdition()
#3 /home/bus4you/bus4you.com.ua/www/web/keitaro/application/layouts/shared/_head.phtml(6): Core\Security\OwnerService->hasBusinessEdition()
#4 /home/bus4you/bus4you.com.ua/www/web/keitaro/application/layouts/critical in /home/bus4you/bus4you.com.ua/www/web/keitaro/application/Core/Security/OwnerService.php on line 0
[19-Feb-2018 22:01:41 UTC] PHP Fatal error:  Uncaught Core\Exceptions\LicenseError: <p>Error occurred while requesting the license. How to fix that:</p>
            <ul>
                <li>Check firewall settings</li>
                <li>Check DNS server status that uses in /etc/resolve.conf</li>
            </ul>
         in /home/bus4you/bus4you.com.ua/www/web/keitaro/application/Core/Security/OwnerService.php:0
Stack trace:
#0 /home/bus4you/bus4you.com.ua/www/web/keitaro/application/Core/Security/OwnerService.php(0): Core\Security\OwnerService->requestToken(Array)
#1 /home/bus4you/bus4you.com.ua/www/web/keitaro/application/Core/Security/OwnerService.php(0): Core\Security\OwnerService->_getToken()
#2 /home/bus4you/bus4you.com.ua/www/web/keitaro/application/Core/Security/OwnerService.php(0): Core\Security\OwnerService->getKeitaroEdition()
#3 /home/bus4you/bus4you.com.ua/www/web/keitaro/application/layouts/shared/_head.phtml(6): Core\Security\OwnerService->hasBusinessEdition()
#4 /home/bus4you/bus4you.com.ua/www/web/keitaro/application/layouts/critical in /home/bus4you/bus4you.com.ua/www/web/keitaro/application/Core/Security/OwnerService.php on line 0
[19-Feb-2018 22:04:41 UTC] PHP Fatal error:  Uncaught Core\Exceptions\LicenseError: <p>Error occurred while requesting the license. How to fix that:</p>
            <ul>
                <li>Check firewall settings</li>
                <li>Check DNS server status that uses in /etc/resolve.conf</li>
            </ul>
         in /home/bus4you/bus4you.com.ua/www/web/keitaro/application/Core/Security/OwnerService.php:0
Stack trace:
#0 /home/bus4you/bus4you.com.ua/www/web/keitaro/application/Core/Security/OwnerService.php(0): Core\Security\OwnerService->requestToken(Array)
#1 /home/bus4you/bus4you.com.ua/www/web/keitaro/application/Core/Security/OwnerService.php(0): Core\Security\OwnerService->_getToken()
#2 /home/bus4you/bus4you.com.ua/www/web/keitaro/application/Core/Security/OwnerService.php(0): Core\Security\OwnerService->getKeitaroEdition()
#3 /home/bus4you/bus4you.com.ua/www/web/keitaro/application/layouts/shared/_head.phtml(6): Core\Security\OwnerService->hasBusinessEdition()
#4 /home/bus4you/bus4you.com.ua/www/web/keitaro/application/layouts/critical in /home/bus4you/bus4you.com.ua/www/web/keitaro/application/Core/Security/OwnerService.php on line 0
[01-Mar-2018 13:51:02 UTC] PHP Fatal error:  Uncaught Error: Call to a member function prepare() on boolean in /home/bus4you/bus4you.com.ua/www/web/keitaro/vendor/adodb/adodb-php/drivers/adodb-pdo.inc.php:452
Stack trace:
#0 /home/bus4you/bus4you.com.ua/www/web/keitaro/vendor/adodb/adodb-php/adodb.inc.php(1268): ADODB_pdo->_query('SELECT 1 FROM k...', false)
#1 /home/bus4you/bus4you.com.ua/www/web/keitaro/vendor/adodb/adodb-php/adodb.inc.php(1246): ADOConnection->_Execute('SELECT 1 FROM k...', false)
#2 /home/bus4you/bus4you.com.ua/www/web/keitaro/vendor/adodb/adodb-php/adodb.inc.php(1706): ADOConnection->Execute('SELECT 1 FROM k...', false)
#3 /home/bus4you/bus4you.com.ua/www/web/keitaro/application/Core/Db/Db.php(0): ADOConnection->GetOne('SELECT 1 FROM k...')
#4 /home/bus4you/bus4you.com.ua/www/web/keitaro/application/Core/Db/Db.php(0): Core\Db\Db->_wrapQuery('getOne', Array)
#5 /home/bus4you/bus4you.com.ua/www/web/keitaro/application/Core/Model/AbstractModel.php(0): Core\Db\Db->getOne('SELECT 1 FROM k...')
#6 /home/bus4you/bus4you.com.ua/www/web/kei in /home/bus4you/bus4you.com.ua/www/web/keitaro/vendor/adodb/adodb-php/drivers/adodb-pdo.inc.php on line 452
